{"total": {"lines":{"total":4059,"covered":309,"skipped":0,"pct":7.61},"statements":{"total":4059,"covered":309,"skipped":0,"pct":7.61},"functions":{"total":105,"covered":38,"skipped":0,"pct":36.19},"branches":{"total":98,"covered":54,"skipped":0,"pct":55.1},"branchesTrue":{"total":0,"covered":0,"skipped":0,"pct":100}}
,"C:\\AI\\10xDevs\\10xCardsRepo\\astro.config.mjs": {"lines":{"total":18,"covered":0,"skipped":0,"pct":0},"functions":{"total":1,"covered":0,"skipped":0,"pct":0},"statements":{"total":18,"covered":0,"skipped":0,"pct":0},"branches":{"total":1,"covered":0,"skipped":0,"pct":0}}
,"C:\\AI\\10xDevs\\10xCardsRepo\\playwright.config.ts": {"lines":{"total":51,"covered":0,"skipped":0,"pct":0},"functions":{"total":1,"covered":0,"skipped":0,"pct":0},"statements":{"total":51,"covered":0,"skipped":0,"pct":0},"branches":{"total":1,"covered":0,"skipped":0,"pct":0}}
,"C:\\AI\\10xDevs\\10xCardsRepo\\postcss.config.js": {"lines":{"total":6,"covered":0,"skipped":0,"pct":0},"functions":{"total":1,"covered":0,"skipped":0,"pct":0},"statements":{"total":6,"covered":0,"skipped":0,"pct":0},"branches":{"total":1,"covered":0,"skipped":0,"pct":0}}
,"C:\\AI\\10xDevs\\10xCardsRepo\\tailwind.config.js": {"lines":{"total":72,"covered":0,"skipped":0,"pct":0},"functions":{"total":1,"covered":0,"skipped":0,"pct":0},"statements":{"total":72,"covered":0,"skipped":0,"pct":0},"branches":{"total":1,"covered":0,"skipped":0,"pct":0}}
,"C:\\AI\\10xDevs\\10xCardsRepo\\src\\types.ts": {"lines":{"total":23,"covered":0,"skipped":0,"pct":0},"functions":{"total":1,"covered":1,"skipped":0,"pct":100},"statements":{"total":23,"covered":0,"skipped":0,"pct":0},"branches":{"total":1,"covered":1,"skipped":0,"pct":100}}
,"C:\\AI\\10xDevs\\10xCardsRepo\\src\\components\\SupabaseExample.astro": {"lines":{"total":91,"covered":0,"skipped":0,"pct":0},"functions":{"total":1,"covered":0,"skipped":0,"pct":0},"statements":{"total":91,"covered":0,"skipped":0,"pct":0},"branches":{"total":1,"covered":0,"skipped":0,"pct":0}}
,"C:\\AI\\10xDevs\\10xCardsRepo\\src\\components\\auth\\AuthForm.tsx": {"lines":{"total":103,"covered":0,"skipped":0,"pct":0},"functions":{"total":1,"covered":1,"skipped":0,"pct":100},"statements":{"total":103,"covered":0,"skipped":0,"pct":0},"branches":{"total":1,"covered":1,"skipped":0,"pct":100}}
,"C:\\AI\\10xDevs\\10xCardsRepo\\src\\components\\auth\\LoginForm.tsx": {"lines":{"total":73,"covered":0,"skipped":0,"pct":0},"functions":{"total":1,"covered":1,"skipped":0,"pct":100},"statements":{"total":73,"covered":0,"skipped":0,"pct":0},"branches":{"total":1,"covered":1,"skipped":0,"pct":100}}
,"C:\\AI\\10xDevs\\10xCardsRepo\\src\\components\\auth\\LogoutButton.tsx": {"lines":{"total":38,"covered":0,"skipped":0,"pct":0},"functions":{"total":1,"covered":1,"skipped":0,"pct":100},"statements":{"total":38,"covered":0,"skipped":0,"pct":0},"branches":{"total":1,"covered":1,"skipped":0,"pct":100}}
,"C:\\AI\\10xDevs\\10xCardsRepo\\src\\components\\auth\\PasswordResetForm.tsx": {"lines":{"total":40,"covered":0,"skipped":0,"pct":0},"functions":{"total":1,"covered":1,"skipped":0,"pct":100},"statements":{"total":40,"covered":0,"skipped":0,"pct":0},"branches":{"total":1,"covered":1,"skipped":0,"pct":100}}
,"C:\\AI\\10xDevs\\10xCardsRepo\\src\\components\\auth\\RegisterForm.tsx": {"lines":{"total":132,"covered":0,"skipped":0,"pct":0},"functions":{"total":1,"covered":1,"skipped":0,"pct":100},"statements":{"total":132,"covered":0,"skipped":0,"pct":0},"branches":{"total":1,"covered":1,"skipped":0,"pct":100}}
,"C:\\AI\\10xDevs\\10xCardsRepo\\src\\components\\generate\\FlashcardItem.tsx": {"lines":{"total":116,"covered":116,"skipped":0,"pct":100},"functions":{"total":9,"covered":9,"skipped":0,"pct":100},"statements":{"total":116,"covered":116,"skipped":0,"pct":100},"branches":{"total":20,"covered":19,"skipped":0,"pct":95}}
,"C:\\AI\\10xDevs\\10xCardsRepo\\src\\components\\generate\\FlashcardsList.tsx": {"lines":{"total":113,"covered":0,"skipped":0,"pct":0},"functions":{"total":1,"covered":0,"skipped":0,"pct":0},"statements":{"total":113,"covered":0,"skipped":0,"pct":0},"branches":{"total":1,"covered":0,"skipped":0,"pct":0}}
,"C:\\AI\\10xDevs\\10xCardsRepo\\src\\components\\generate\\GenerateView.tsx": {"lines":{"total":130,"covered":0,"skipped":0,"pct":0},"functions":{"total":1,"covered":0,"skipped":0,"pct":0},"statements":{"total":130,"covered":0,"skipped":0,"pct":0},"branches":{"total":1,"covered":0,"skipped":0,"pct":0}}
,"C:\\AI\\10xDevs\\10xCardsRepo\\src\\components\\generate\\TextInputSection.tsx": {"lines":{"total":87,"covered":0,"skipped":0,"pct":0},"functions":{"total":1,"covered":0,"skipped":0,"pct":0},"statements":{"total":87,"covered":0,"skipped":0,"pct":0},"branches":{"total":1,"covered":0,"skipped":0,"pct":0}}
,"C:\\AI\\10xDevs\\10xCardsRepo\\src\\components\\generate\\TopBar.tsx": {"lines":{"total":15,"covered":0,"skipped":0,"pct":0},"functions":{"total":1,"covered":0,"skipped":0,"pct":0},"statements":{"total":15,"covered":0,"skipped":0,"pct":0},"branches":{"total":1,"covered":0,"skipped":0,"pct":0}}
,"C:\\AI\\10xDevs\\10xCardsRepo\\src\\components\\ui\\alert.tsx": {"lines":{"total":50,"covered":0,"skipped":0,"pct":0},"functions":{"total":1,"covered":0,"skipped":0,"pct":0},"statements":{"total":50,"covered":0,"skipped":0,"pct":0},"branches":{"total":1,"covered":0,"skipped":0,"pct":0}}
,"C:\\AI\\10xDevs\\10xCardsRepo\\src\\components\\ui\\avatar.tsx": {"lines":{"total":30,"covered":0,"skipped":0,"pct":0},"functions":{"total":1,"covered":0,"skipped":0,"pct":0},"statements":{"total":30,"covered":0,"skipped":0,"pct":0},"branches":{"total":1,"covered":0,"skipped":0,"pct":0}}
,"C:\\AI\\10xDevs\\10xCardsRepo\\src\\components\\ui\\button.tsx": {"lines":{"total":29,"covered":29,"skipped":0,"pct":100},"functions":{"total":1,"covered":1,"skipped":0,"pct":100},"statements":{"total":29,"covered":29,"skipped":0,"pct":100},"branches":{"total":2,"covered":1,"skipped":0,"pct":50}}
,"C:\\AI\\10xDevs\\10xCardsRepo\\src\\components\\ui\\card.tsx": {"lines":{"total":41,"covered":33,"skipped":0,"pct":80.48},"functions":{"total":0,"covered":0,"skipped":0,"pct":100},"statements":{"total":41,"covered":33,"skipped":0,"pct":80.48},"branches":{"total":3,"covered":3,"skipped":0,"pct":100}}
,"C:\\AI\\10xDevs\\10xCardsRepo\\src\\components\\ui\\dialog.tsx": {"lines":{"total":78,"covered":0,"skipped":0,"pct":0},"functions":{"total":1,"covered":1,"skipped":0,"pct":100},"statements":{"total":78,"covered":0,"skipped":0,"pct":0},"branches":{"total":1,"covered":1,"skipped":0,"pct":100}}
,"C:\\AI\\10xDevs\\10xCardsRepo\\src\\components\\ui\\error-alert.tsx": {"lines":{"total":16,"covered":0,"skipped":0,"pct":0},"functions":{"total":1,"covered":0,"skipped":0,"pct":0},"statements":{"total":16,"covered":0,"skipped":0,"pct":0},"branches":{"total":1,"covered":0,"skipped":0,"pct":0}}
,"C:\\AI\\10xDevs\\10xCardsRepo\\src\\components\\ui\\feedback.tsx": {"lines":{"total":105,"covered":0,"skipped":0,"pct":0},"functions":{"total":1,"covered":1,"skipped":0,"pct":100},"statements":{"total":105,"covered":0,"skipped":0,"pct":0},"branches":{"total":1,"covered":1,"skipped":0,"pct":100}}
,"C:\\AI\\10xDevs\\10xCardsRepo\\src\\components\\ui\\form.tsx": {"lines":{"total":100,"covered":0,"skipped":0,"pct":0},"functions":{"total":1,"covered":0,"skipped":0,"pct":0},"statements":{"total":100,"covered":0,"skipped":0,"pct":0},"branches":{"total":1,"covered":0,"skipped":0,"pct":0}}
,"C:\\AI\\10xDevs\\10xCardsRepo\\src\\components\\ui\\input.tsx": {"lines":{"total":25,"covered":0,"skipped":0,"pct":0},"functions":{"total":1,"covered":1,"skipped":0,"pct":100},"statements":{"total":25,"covered":0,"skipped":0,"pct":0},"branches":{"total":1,"covered":1,"skipped":0,"pct":100}}
,"C:\\AI\\10xDevs\\10xCardsRepo\\src\\components\\ui\\label.tsx": {"lines":{"total":15,"covered":0,"skipped":0,"pct":0},"functions":{"total":1,"covered":0,"skipped":0,"pct":0},"statements":{"total":15,"covered":0,"skipped":0,"pct":0},"branches":{"total":1,"covered":0,"skipped":0,"pct":0}}
,"C:\\AI\\10xDevs\\10xCardsRepo\\src\\components\\ui\\link.tsx": {"lines":{"total":11,"covered":0,"skipped":0,"pct":0},"functions":{"total":1,"covered":0,"skipped":0,"pct":0},"statements":{"total":11,"covered":0,"skipped":0,"pct":0},"branches":{"total":1,"covered":0,"skipped":0,"pct":0}}
,"C:\\AI\\10xDevs\\10xCardsRepo\\src\\components\\ui\\list.tsx": {"lines":{"total":61,"covered":0,"skipped":0,"pct":0},"functions":{"total":1,"covered":1,"skipped":0,"pct":100},"statements":{"total":61,"covered":0,"skipped":0,"pct":0},"branches":{"total":1,"covered":1,"skipped":0,"pct":100}}
,"C:\\AI\\10xDevs\\10xCardsRepo\\src\\components\\ui\\navigation.tsx": {"lines":{"total":84,"covered":0,"skipped":0,"pct":0},"functions":{"total":1,"covered":1,"skipped":0,"pct":100},"statements":{"total":84,"covered":0,"skipped":0,"pct":0},"branches":{"total":1,"covered":1,"skipped":0,"pct":100}}
,"C:\\AI\\10xDevs\\10xCardsRepo\\src\\components\\ui\\select.tsx": {"lines":{"total":130,"covered":0,"skipped":0,"pct":0},"functions":{"total":1,"covered":0,"skipped":0,"pct":0},"statements":{"total":130,"covered":0,"skipped":0,"pct":0},"branches":{"total":1,"covered":0,"skipped":0,"pct":0}}
,"C:\\AI\\10xDevs\\10xCardsRepo\\src\\components\\ui\\textarea.tsx": {"lines":{"total":13,"covered":13,"skipped":0,"pct":100},"functions":{"total":1,"covered":1,"skipped":0,"pct":100},"statements":{"total":13,"covered":13,"skipped":0,"pct":100},"branches":{"total":1,"covered":1,"skipped":0,"pct":100}}
,"C:\\AI\\10xDevs\\10xCardsRepo\\src\\components\\ui\\toaster.tsx": {"lines":{"total":14,"covered":0,"skipped":0,"pct":0},"functions":{"total":1,"covered":0,"skipped":0,"pct":0},"statements":{"total":14,"covered":0,"skipped":0,"pct":0},"branches":{"total":1,"covered":0,"skipped":0,"pct":0}}
,"C:\\AI\\10xDevs\\10xCardsRepo\\src\\components\\ui\\typography.tsx": {"lines":{"total":20,"covered":0,"skipped":0,"pct":0},"functions":{"total":1,"covered":1,"skipped":0,"pct":100},"statements":{"total":20,"covered":0,"skipped":0,"pct":0},"branches":{"total":1,"covered":1,"skipped":0,"pct":100}}
,"C:\\AI\\10xDevs\\10xCardsRepo\\src\\components\\ui\\validation-error.tsx": {"lines":{"total":15,"covered":0,"skipped":0,"pct":0},"functions":{"total":1,"covered":0,"skipped":0,"pct":0},"statements":{"total":15,"covered":0,"skipped":0,"pct":0},"branches":{"total":1,"covered":0,"skipped":0,"pct":0}}
,"C:\\AI\\10xDevs\\10xCardsRepo\\src\\db\\database.types.ts": {"lines":{"total":8,"covered":0,"skipped":0,"pct":0},"functions":{"total":1,"covered":1,"skipped":0,"pct":100},"statements":{"total":8,"covered":0,"skipped":0,"pct":0},"branches":{"total":1,"covered":1,"skipped":0,"pct":100}}
,"C:\\AI\\10xDevs\\10xCardsRepo\\src\\db\\supabase.client.ts": {"lines":{"total":26,"covered":0,"skipped":0,"pct":0},"functions":{"total":1,"covered":0,"skipped":0,"pct":0},"statements":{"total":26,"covered":0,"skipped":0,"pct":0},"branches":{"total":1,"covered":0,"skipped":0,"pct":0}}
,"C:\\AI\\10xDevs\\10xCardsRepo\\src\\layouts\\Layout.astro": {"lines":{"total":43,"covered":0,"skipped":0,"pct":0},"functions":{"total":1,"covered":0,"skipped":0,"pct":0},"statements":{"total":43,"covered":0,"skipped":0,"pct":0},"branches":{"total":1,"covered":0,"skipped":0,"pct":0}}
,"C:\\AI\\10xDevs\\10xCardsRepo\\src\\layouts\\MainLayout.astro": {"lines":{"total":77,"covered":0,"skipped":0,"pct":0},"functions":{"total":1,"covered":0,"skipped":0,"pct":0},"statements":{"total":77,"covered":0,"skipped":0,"pct":0},"branches":{"total":1,"covered":0,"skipped":0,"pct":0}}
,"C:\\AI\\10xDevs\\10xCardsRepo\\src\\lib\\errors.ts": {"lines":{"total":24,"covered":0,"skipped":0,"pct":0},"functions":{"total":1,"covered":0,"skipped":0,"pct":0},"statements":{"total":24,"covered":0,"skipped":0,"pct":0},"branches":{"total":1,"covered":0,"skipped":0,"pct":0}}
,"C:\\AI\\10xDevs\\10xCardsRepo\\src\\lib\\supabase.ts": {"lines":{"total":88,"covered":0,"skipped":0,"pct":0},"functions":{"total":1,"covered":0,"skipped":0,"pct":0},"statements":{"total":88,"covered":0,"skipped":0,"pct":0},"branches":{"total":1,"covered":0,"skipped":0,"pct":0}}
,"C:\\AI\\10xDevs\\10xCardsRepo\\src\\lib\\utils.ts": {"lines":{"total":5,"covered":5,"skipped":0,"pct":100},"functions":{"total":1,"covered":1,"skipped":0,"pct":100},"statements":{"total":5,"covered":5,"skipped":0,"pct":100},"branches":{"total":1,"covered":1,"skipped":0,"pct":100}}
,"C:\\AI\\10xDevs\\10xCardsRepo\\src\\lib\\hooks\\useFlashcardGeneration.ts": {"lines":{"total":168,"covered":0,"skipped":0,"pct":0},"functions":{"total":1,"covered":0,"skipped":0,"pct":0},"statements":{"total":168,"covered":0,"skipped":0,"pct":0},"branches":{"total":1,"covered":0,"skipped":0,"pct":0}}
,"C:\\AI\\10xDevs\\10xCardsRepo\\src\\lib\\services\\flashcards.service.ts": {"lines":{"total":98,"covered":0,"skipped":0,"pct":0},"functions":{"total":1,"covered":1,"skipped":0,"pct":100},"statements":{"total":98,"covered":0,"skipped":0,"pct":0},"branches":{"total":1,"covered":1,"skipped":0,"pct":100}}
,"C:\\AI\\10xDevs\\10xCardsRepo\\src\\lib\\services\\generation.service.ts": {"lines":{"total":80,"covered":22,"skipped":0,"pct":27.5},"functions":{"total":5,"covered":1,"skipped":0,"pct":20},"statements":{"total":80,"covered":22,"skipped":0,"pct":27.5},"branches":{"total":4,"covered":4,"skipped":0,"pct":100}}
,"C:\\AI\\10xDevs\\10xCardsRepo\\src\\lib\\services\\openrouter.errors.ts": {"lines":{"total":35,"covered":15,"skipped":0,"pct":42.85},"functions":{"total":5,"covered":0,"skipped":0,"pct":0},"statements":{"total":35,"covered":15,"skipped":0,"pct":42.85},"branches":{"total":0,"covered":0,"skipped":0,"pct":100}}
,"C:\\AI\\10xDevs\\10xCardsRepo\\src\\lib\\services\\openrouter.interfaces.ts": {"lines":{"total":0,"covered":0,"skipped":0,"pct":100},"functions":{"total":1,"covered":1,"skipped":0,"pct":100},"statements":{"total":0,"covered":0,"skipped":0,"pct":100},"branches":{"total":1,"covered":1,"skipped":0,"pct":100}}
,"C:\\AI\\10xDevs\\10xCardsRepo\\src\\lib\\services\\openrouter.logger.ts": {"lines":{"total":44,"covered":23,"skipped":0,"pct":52.27},"functions":{"total":11,"covered":2,"skipped":0,"pct":18.18},"statements":{"total":44,"covered":23,"skipped":0,"pct":52.27},"branches":{"total":2,"covered":2,"skipped":0,"pct":100}}
,"C:\\AI\\10xDevs\\10xCardsRepo\\src\\lib\\services\\openrouter.service.ts": {"lines":{"total":283,"covered":53,"skipped":0,"pct":18.72},"functions":{"total":10,"covered":2,"skipped":0,"pct":20},"statements":{"total":283,"covered":53,"skipped":0,"pct":18.72},"branches":{"total":3,"covered":2,"skipped":0,"pct":66.66}}
,"C:\\AI\\10xDevs\\10xCardsRepo\\src\\lib\\stores\\authStore.ts": {"lines":{"total":21,"covered":0,"skipped":0,"pct":0},"functions":{"total":1,"covered":0,"skipped":0,"pct":0},"statements":{"total":21,"covered":0,"skipped":0,"pct":0},"branches":{"total":1,"covered":0,"skipped":0,"pct":0}}
,"C:\\AI\\10xDevs\\10xCardsRepo\\src\\lib\\validation\\flashcards.validation.ts": {"lines":{"total":49,"covered":0,"skipped":0,"pct":0},"functions":{"total":1,"covered":0,"skipped":0,"pct":0},"statements":{"total":49,"covered":0,"skipped":0,"pct":0},"branches":{"total":1,"covered":0,"skipped":0,"pct":0}}
,"C:\\AI\\10xDevs\\10xCardsRepo\\src\\lib\\validation\\generation.schema.ts": {"lines":{"total":17,"covered":0,"skipped":0,"pct":0},"functions":{"total":1,"covered":0,"skipped":0,"pct":0},"statements":{"total":17,"covered":0,"skipped":0,"pct":0},"branches":{"total":1,"covered":0,"skipped":0,"pct":0}}
,"C:\\AI\\10xDevs\\10xCardsRepo\\src\\middleware\\auth.ts": {"lines":{"total":22,"covered":0,"skipped":0,"pct":0},"functions":{"total":1,"covered":0,"skipped":0,"pct":0},"statements":{"total":22,"covered":0,"skipped":0,"pct":0},"branches":{"total":1,"covered":0,"skipped":0,"pct":0}}
,"C:\\AI\\10xDevs\\10xCardsRepo\\src\\middleware\\index.ts": {"lines":{"total":31,"covered":0,"skipped":0,"pct":0},"functions":{"total":1,"covered":0,"skipped":0,"pct":0},"statements":{"total":31,"covered":0,"skipped":0,"pct":0},"branches":{"total":1,"covered":0,"skipped":0,"pct":0}}
,"C:\\AI\\10xDevs\\10xCardsRepo\\src\\middleware\\rate-limit.ts": {"lines":{"total":26,"covered":0,"skipped":0,"pct":0},"functions":{"total":1,"covered":1,"skipped":0,"pct":100},"statements":{"total":26,"covered":0,"skipped":0,"pct":0},"branches":{"total":1,"covered":1,"skipped":0,"pct":100}}
,"C:\\AI\\10xDevs\\10xCardsRepo\\src\\middleware\\supabase.ts": {"lines":{"total":51,"covered":0,"skipped":0,"pct":0},"functions":{"total":1,"covered":0,"skipped":0,"pct":0},"statements":{"total":51,"covered":0,"skipped":0,"pct":0},"branches":{"total":1,"covered":0,"skipped":0,"pct":0}}
,"C:\\AI\\10xDevs\\10xCardsRepo\\src\\pages\\generate.astro": {"lines":{"total":26,"covered":0,"skipped":0,"pct":0},"functions":{"total":1,"covered":0,"skipped":0,"pct":0},"statements":{"total":26,"covered":0,"skipped":0,"pct":0},"branches":{"total":1,"covered":0,"skipped":0,"pct":0}}
,"C:\\AI\\10xDevs\\10xCardsRepo\\src\\pages\\index.astro": {"lines":{"total":30,"covered":0,"skipped":0,"pct":0},"functions":{"total":1,"covered":0,"skipped":0,"pct":0},"statements":{"total":30,"covered":0,"skipped":0,"pct":0},"branches":{"total":1,"covered":0,"skipped":0,"pct":0}}
,"C:\\AI\\10xDevs\\10xCardsRepo\\src\\pages\\login.astro": {"lines":{"total":33,"covered":0,"skipped":0,"pct":0},"functions":{"total":1,"covered":0,"skipped":0,"pct":0},"statements":{"total":33,"covered":0,"skipped":0,"pct":0},"branches":{"total":1,"covered":0,"skipped":0,"pct":0}}
,"C:\\AI\\10xDevs\\10xCardsRepo\\src\\pages\\register.astro": {"lines":{"total":16,"covered":0,"skipped":0,"pct":0},"functions":{"total":1,"covered":0,"skipped":0,"pct":0},"statements":{"total":16,"covered":0,"skipped":0,"pct":0},"branches":{"total":1,"covered":0,"skipped":0,"pct":0}}
,"C:\\AI\\10xDevs\\10xCardsRepo\\src\\pages\\reset-password.astro": {"lines":{"total":16,"covered":0,"skipped":0,"pct":0},"functions":{"total":1,"covered":0,"skipped":0,"pct":0},"statements":{"total":16,"covered":0,"skipped":0,"pct":0},"branches":{"total":1,"covered":0,"skipped":0,"pct":0}}
,"C:\\AI\\10xDevs\\10xCardsRepo\\src\\pages\\api\\auth.ts": {"lines":{"total":135,"covered":0,"skipped":0,"pct":0},"functions":{"total":1,"covered":0,"skipped":0,"pct":0},"statements":{"total":135,"covered":0,"skipped":0,"pct":0},"branches":{"total":1,"covered":0,"skipped":0,"pct":0}}
,"C:\\AI\\10xDevs\\10xCardsRepo\\src\\pages\\api\\flashcards.ts": {"lines":{"total":100,"covered":0,"skipped":0,"pct":0},"functions":{"total":1,"covered":1,"skipped":0,"pct":100},"statements":{"total":100,"covered":0,"skipped":0,"pct":0},"branches":{"total":1,"covered":1,"skipped":0,"pct":100}}
,"C:\\AI\\10xDevs\\10xCardsRepo\\src\\pages\\api\\generations.ts": {"lines":{"total":165,"covered":0,"skipped":0,"pct":0},"functions":{"total":1,"covered":1,"skipped":0,"pct":100},"statements":{"total":165,"covered":0,"skipped":0,"pct":0},"branches":{"total":1,"covered":1,"skipped":0,"pct":100}}
,"C:\\AI\\10xDevs\\10xCardsRepo\\src\\pages\\api\\auth\\register.ts": {"lines":{"total":62,"covered":0,"skipped":0,"pct":0},"functions":{"total":1,"covered":0,"skipped":0,"pct":0},"statements":{"total":62,"covered":0,"skipped":0,"pct":0},"branches":{"total":1,"covered":0,"skipped":0,"pct":0}}
,"C:\\AI\\10xDevs\\10xCardsRepo\\src\\pages\\api\\auth\\session.ts": {"lines":{"total":51,"covered":0,"skipped":0,"pct":0},"functions":{"total":1,"covered":1,"skipped":0,"pct":100},"statements":{"total":51,"covered":0,"skipped":0,"pct":0},"branches":{"total":1,"covered":1,"skipped":0,"pct":100}}
,"C:\\AI\\10xDevs\\10xCardsRepo\\src\\pages\\api\\flashcards\\batch.ts": {"lines":{"total":54,"covered":0,"skipped":0,"pct":0},"functions":{"total":1,"covered":1,"skipped":0,"pct":100},"statements":{"total":54,"covered":0,"skipped":0,"pct":0},"branches":{"total":1,"covered":1,"skipped":0,"pct":100}}
,"C:\\AI\\10xDevs\\10xCardsRepo\\src\\tests\\e2e\\config.ts": {"lines":{"total":3,"covered":0,"skipped":0,"pct":0},"functions":{"total":1,"covered":0,"skipped":0,"pct":0},"statements":{"total":3,"covered":0,"skipped":0,"pct":0},"branches":{"total":1,"covered":0,"skipped":0,"pct":0}}
,"C:\\AI\\10xDevs\\10xCardsRepo\\src\\tests\\e2e\\pages\\FlashcardsList.page.ts": {"lines":{"total":69,"covered":0,"skipped":0,"pct":0},"functions":{"total":1,"covered":0,"skipped":0,"pct":0},"statements":{"total":69,"covered":0,"skipped":0,"pct":0},"branches":{"total":1,"covered":0,"skipped":0,"pct":0}}
,"C:\\AI\\10xDevs\\10xCardsRepo\\src\\tests\\e2e\\pages\\GenerateView.page.ts": {"lines":{"total":37,"covered":0,"skipped":0,"pct":0},"functions":{"total":1,"covered":0,"skipped":0,"pct":0},"statements":{"total":37,"covered":0,"skipped":0,"pct":0},"branches":{"total":1,"covered":0,"skipped":0,"pct":0}}
,"C:\\AI\\10xDevs\\10xCardsRepo\\src\\tests\\e2e\\pages\\TextInputSection.page.ts": {"lines":{"total":45,"covered":0,"skipped":0,"pct":0},"functions":{"total":1,"covered":0,"skipped":0,"pct":0},"statements":{"total":45,"covered":0,"skipped":0,"pct":0},"branches":{"total":1,"covered":0,"skipped":0,"pct":0}}
,"C:\\AI\\10xDevs\\10xCardsRepo\\src\\tests\\e2e\\utils\\auth.ts": {"lines":{"total":76,"covered":0,"skipped":0,"pct":0},"functions":{"total":1,"covered":1,"skipped":0,"pct":100},"statements":{"total":76,"covered":0,"skipped":0,"pct":0},"branches":{"total":1,"covered":1,"skipped":0,"pct":100}}
}
